# JRE version: OpenJDK Runtime Environment (17.0.1+12) (build 17.0.1+12-39)
# Java VM: OpenJDK 64-Bit Server VM (17.0.1+12-39, mixed mode, emulated-client, sharing, tiered, compressed oops, compressed class ptrs, g1 gc, windows-amd64)
GC Precious Log:
 CPUs: 4 total, 4 available
 Memory: 12065M
 Large Page Support: Disabled
 NUMA Support: Disabled
 Compressed Oops: Enabled (Zero based)
 Heap Region Size: 2M
 Heap Min Capacity: 8M
 Heap Initial Capacity: 190M
 Heap Max Capacity: 3018M
 Pre-touch: Disabled
 Parallel Workers: 4
 Concurrent Workers: 1
 Concurrent Refinement Workers: 4
 Periodic GC: Disabled
Heap:
 garbage-first heap   total 61440K, used 25393K [0x0000000743600000, 0x0000000800000000)
  region size 2048K, 2 young (4096K), 2 survivors (4096K)
 Metaspace       used 45827K, committed 46272K, reserved 1089536K
  class space    used 6462K, committed 6656K, reserved 1048576K
GC Heap History (20 events):
Event: 4.173 GC heap after
{Heap after GC invocations=4 (full 0):
 garbage-first heap   total 194560K, used 14959K [0x0000000743600000, 0x0000000800000000)
  region size 2048K, 4 young (8192K), 4 survivors (8192K)
 Metaspace       used 20991K, committed 21312K, reserved 1073152K
  class space    used 2890K, committed 3008K, reserved 1048576K
}
Event: 4.192 GC heap before
{Heap before GC invocations=4 (full 0):
 garbage-first heap   total 194560K, used 17007K [0x0000000743600000, 0x0000000800000000)
  region size 2048K, 6 young (12288K), 4 survivors (8192K)
 Metaspace       used 21240K, committed 21504K, reserved 1073152K
  class space    used 2942K, committed 3072K, reserved 1048576K
}
Event: 4.199 GC heap after
{Heap after GC invocations=5 (full 0):
 garbage-first heap   total 194560K, used 15316K [0x0000000743600000, 0x0000000800000000)
  region size 2048K, 4 young (8192K), 4 survivors (8192K)
 Metaspace       used 21240K, committed 21504K, reserved 1073152K
  class space    used 2942K, committed 3072K, reserved 1048576K
}
Event: 4.397 GC heap before
{Heap before GC invocations=6 (full 0):
 garbage-first heap   total 61440K, used 39892K [0x0000000743600000, 0x0000000800000000)
  region size 2048K, 18 young (36864K), 4 survivors (8192K)
 Metaspace       used 23873K, committed 24256K, reserved 1073152K
  class space    used 3290K, committed 3456K, reserved 1048576K
}
Event: 4.405 GC heap after
{Heap after GC invocations=7 (full 0):
 garbage-first heap   total 61440K, used 17254K [0x0000000743600000, 0x0000000800000000)
  region size 2048K, 5 young (10240K), 5 survivors (10240K)
 Metaspace       used 23873K, committed 24256K, reserved 1073152K
  class space    used 3290K, committed 3456K, reserved 1048576K
}
Event: 4.407 GC heap before
{Heap before GC invocations=7 (full 0):
 garbage-first heap   total 61440K, used 39782K [0x0000000743600000, 0x0000000800000000)
  region size 2048K, 17 young (34816K), 5 survivors (10240K)
 Metaspace       used 23873K, committed 24256K, reserved 1073152K
  class space    used 3290K, committed 3456K, reserved 1048576K
}
Event: 4.419 GC heap after
{Heap after GC invocations=8 (full 0):
 garbage-first heap   total 61440K, used 17536K [0x0000000743600000, 0x0000000800000000)
  region size 2048K, 2 young (4096K), 2 survivors (4096K)
 Metaspace       used 23873K, committed 24256K, reserved 1073152K
  class space    used 3290K, committed 3456K, reserved 1048576K
}
Event: 4.687 GC heap before
{Heap before GC invocations=8 (full 0):
 garbage-first heap   total 61440K, used 42112K [0x0000000743600000, 0x0000000800000000)
  region size 2048K, 15 young (30720K), 2 survivors (4096K)
 Metaspace       used 27366K, committed 27712K, reserved 1073152K
  class space    used 3732K, committed 3904K, reserved 1048576K
}
Event: 4.690 GC heap after
{Heap after GC invocations=9 (full 0):
 garbage-first heap   total 61440K, used 17923K [0x0000000743600000, 0x0000000800000000)
  region size 2048K, 2 young (4096K), 2 survivors (4096K)
 Metaspace       used 27366K, committed 27712K, reserved 1073152K
  class space    used 3732K, committed 3904K, reserved 1048576K
}
Event: 5.261 GC heap before
{Heap before GC invocations=9 (full 0):
 garbage-first heap   total 61440K, used 44547K [0x0000000743600000, 0x0000000800000000)
  region size 2048K, 15 young (30720K), 2 survivors (4096K)
 Metaspace       used 34082K, committed 34368K, reserved 1081344K
  class space    used 4755K, committed 4864K, reserved 1048576K
}
Event: 5.266 GC heap after
{Heap after GC invocations=10 (full 0):
 garbage-first heap   total 61440K, used 19471K [0x0000000743600000, 0x0000000800000000)
  region size 2048K, 2 young (4096K), 2 survivors (4096K)
 Metaspace       used 34082K, committed 34368K, reserved 1081344K
  class space    used 4755K, committed 4864K, reserved 1048576K
}
Event: 5.715 GC heap before
{Heap before GC invocations=10 (full 0):
 garbage-first heap   total 61440K, used 27663K [0x0000000743600000, 0x0000000800000000)
  region size 2048K, 7 young (14336K), 2 survivors (4096K)
 Metaspace       used 35840K, committed 36096K, reserved 1081344K
  class space    used 4984K, committed 5120K, reserved 1048576K
}
Event: 5.720 GC heap after
{Heap after GC invocations=11 (full 0):
 garbage-first heap   total 61440K, used 20247K [0x0000000743600000, 0x0000000800000000)
  region size 2048K, 2 young (4096K), 2 survivors (4096K)
 Metaspace       used 35840K, committed 36096K, reserved 1081344K
  class space    used 4984K, committed 5120K, reserved 1048576K
}
Event: 6.302 GC heap before
{Heap before GC invocations=12 (full 0):
 garbage-first heap   total 61440K, used 44823K [0x0000000743600000, 0x0000000800000000)
  region size 2048K, 14 young (28672K), 2 survivors (4096K)
 Metaspace       used 39487K, committed 39936K, reserved 1089536K
  class space    used 5594K, committed 5824K, reserved 1048576K
}
Event: 6.306 GC heap after
{Heap after GC invocations=13 (full 0):
 garbage-first heap   total 61440K, used 21300K [0x0000000743600000, 0x0000000800000000)
  region size 2048K, 1 young (2048K), 1 survivors (2048K)
 Metaspace       used 39487K, committed 39936K, reserved 1089536K
  class space    used 5594K, committed 5824K, reserved 1048576K
}
Event: 6.689 GC heap before
{Heap before GC invocations=13 (full 0):
 garbage-first heap   total 61440K, used 47924K [0x0000000743600000, 0x0000000800000000)
  region size 2048K, 14 young (28672K), 1 survivors (2048K)
 Metaspace       used 42925K, committed 43328K, reserved 1089536K
  class space    used 6076K, committed 6272K, reserved 1048576K
}
Event: 6.694 GC heap after
{Heap after GC invocations=14 (full 0):
 garbage-first heap   total 61440K, used 23108K [0x0000000743600000, 0x0000000800000000)
  region size 2048K, 2 young (4096K), 2 survivors (4096K)
 Metaspace       used 42925K, committed 43328K, reserved 1089536K
  class space    used 6076K, committed 6272K, reserved 1048576K
}
Event: 6.884 GC heap before
{Heap before GC invocations=14 (full 0):
 garbage-first heap   total 61440K, used 47684K [0x0000000743600000, 0x0000000800000000)
  region size 2048K, 14 young (28672K), 2 survivors (4096K)
 Metaspace       used 44744K, committed 45184K, reserved 1089536K
  class space    used 6330K, committed 6528K, reserved 1048576K
}
Event: 6.889 GC heap after
{Heap after GC invocations=15 (full 0):
 garbage-first heap   total 61440K, used 24187K [0x0000000743600000, 0x0000000800000000)
  region size 2048K, 2 young (4096K), 2 survivors (4096K)
 Metaspace       used 44744K, committed 45184K, reserved 1089536K
  class space    used 6330K, committed 6528K, reserved 1048576K
}
Event: 7.040 GC heap before
{Heap before GC invocations=15 (full 0):
 garbage-first heap   total 61440K, used 46715K [0x0000000743600000, 0x0000000800000000)
  region size 2048K, 13 young (26624K), 2 survivors (4096K)
 Metaspace       used 45827K, committed 46272K, reserved 1089536K
  class space    used 6462K, committed 6656K, reserved 1048576K
}

